2021-03-26 15:37:56.126 [info] <0.44.0> Application lager started on node nonode@nohost
2021-03-26 15:37:56.127 [info] <0.44.0> Application xmerl started on node nonode@nohost
2021-03-26 15:37:56.130 [info] <0.44.0> Application sasl started on node nonode@nohost
2021-03-26 15:37:56.130 [info] <0.44.0> Application tools started on node nonode@nohost
2021-03-26 15:37:56.130 [info] <0.44.0> Application jsx started on node nonode@nohost
2021-03-26 15:37:56.130 [info] <0.44.0> Application recon started on node nonode@nohost
2021-03-26 15:37:56.164 [info] <0.44.0> Application credentials_obfuscation started on node nonode@nohost
2021-03-26 15:37:56.164 [info] <0.44.0> Application rabbit_common started on node nonode@nohost
2021-03-26 15:37:56.169 [info] <0.44.0> Application amqp_client started on node nonode@nohost
2021-03-26 15:37:56.170 [info] <0.44.0> Application amqp started on node nonode@nohost
2021-03-26 15:37:56.170 [info] <0.44.0> Application tutorial_1 started on node nonode@nohost
2021-03-26 15:38:34.026 [info] <0.44.0> Application lager started on node nonode@nohost
2021-03-26 15:38:34.027 [info] <0.44.0> Application xmerl started on node nonode@nohost
2021-03-26 15:38:34.030 [info] <0.44.0> Application sasl started on node nonode@nohost
2021-03-26 15:38:34.030 [info] <0.44.0> Application tools started on node nonode@nohost
2021-03-26 15:38:34.030 [info] <0.44.0> Application jsx started on node nonode@nohost
2021-03-26 15:38:34.030 [info] <0.44.0> Application recon started on node nonode@nohost
2021-03-26 15:38:34.062 [info] <0.44.0> Application credentials_obfuscation started on node nonode@nohost
2021-03-26 15:38:34.062 [info] <0.44.0> Application rabbit_common started on node nonode@nohost
2021-03-26 15:38:34.066 [info] <0.44.0> Application amqp_client started on node nonode@nohost
2021-03-26 15:38:34.068 [info] <0.44.0> Application amqp started on node nonode@nohost
2021-03-26 15:38:34.068 [info] <0.44.0> Application tutorial_1 started on node nonode@nohost
2021-03-26 15:42:12.468 [info] <0.44.0> Application lager started on node nonode@nohost
2021-03-26 15:42:12.469 [info] <0.44.0> Application xmerl started on node nonode@nohost
2021-03-26 15:42:12.471 [info] <0.44.0> Application sasl started on node nonode@nohost
2021-03-26 15:42:12.471 [info] <0.44.0> Application tools started on node nonode@nohost
2021-03-26 15:42:12.471 [info] <0.44.0> Application jsx started on node nonode@nohost
2021-03-26 15:42:12.471 [info] <0.44.0> Application recon started on node nonode@nohost
2021-03-26 15:42:12.504 [info] <0.44.0> Application credentials_obfuscation started on node nonode@nohost
2021-03-26 15:42:12.504 [info] <0.44.0> Application rabbit_common started on node nonode@nohost
2021-03-26 15:42:12.508 [info] <0.44.0> Application amqp_client started on node nonode@nohost
2021-03-26 15:42:12.509 [info] <0.44.0> Application amqp started on node nonode@nohost
2021-03-26 15:42:12.509 [info] <0.44.0> Application tutorial_1 started on node nonode@nohost
2021-03-26 15:43:14.599 [info] <0.44.0> Application lager started on node nonode@nohost
2021-03-26 15:43:14.600 [info] <0.44.0> Application xmerl started on node nonode@nohost
2021-03-26 15:43:14.603 [info] <0.44.0> Application sasl started on node nonode@nohost
2021-03-26 15:43:14.603 [info] <0.44.0> Application tools started on node nonode@nohost
2021-03-26 15:43:14.603 [info] <0.44.0> Application jsx started on node nonode@nohost
2021-03-26 15:43:14.603 [info] <0.44.0> Application recon started on node nonode@nohost
2021-03-26 15:43:14.636 [info] <0.44.0> Application credentials_obfuscation started on node nonode@nohost
2021-03-26 15:43:14.636 [info] <0.44.0> Application rabbit_common started on node nonode@nohost
2021-03-26 15:43:14.640 [info] <0.44.0> Application amqp_client started on node nonode@nohost
2021-03-26 15:43:14.641 [info] <0.44.0> Application amqp started on node nonode@nohost
2021-03-26 15:43:14.641 [info] <0.44.0> Application tutorial_1 started on node nonode@nohost
2021-03-26 15:51:26.256 [info] <0.44.0> Application lager started on node nonode@nohost
2021-03-26 15:51:26.257 [info] <0.44.0> Application xmerl started on node nonode@nohost
2021-03-26 15:51:26.259 [info] <0.44.0> Application sasl started on node nonode@nohost
2021-03-26 15:51:26.259 [info] <0.44.0> Application tools started on node nonode@nohost
2021-03-26 15:51:26.259 [info] <0.44.0> Application jsx started on node nonode@nohost
2021-03-26 15:51:26.259 [info] <0.44.0> Application recon started on node nonode@nohost
2021-03-26 15:51:26.292 [info] <0.44.0> Application credentials_obfuscation started on node nonode@nohost
2021-03-26 15:51:26.292 [info] <0.44.0> Application rabbit_common started on node nonode@nohost
2021-03-26 15:51:26.295 [info] <0.44.0> Application amqp_client started on node nonode@nohost
2021-03-26 15:51:26.297 [info] <0.44.0> Application amqp started on node nonode@nohost
2021-03-26 15:51:26.297 [info] <0.44.0> Application tutorial_1 started on node nonode@nohost
